2015-04-27 07:52:10,764 INFO org.apache.hadoop.mapred.JobTracker: STARTUP_MSG: 
/************************************************************
STARTUP_MSG: Starting JobTracker
STARTUP_MSG:   host = clara-18/192.168.2.18
STARTUP_MSG:   args = []
STARTUP_MSG:   version = 1.0.3-SNAPSHOT
STARTUP_MSG:   build =  -r ; compiled by 'alian-admin' on Sun Apr 26 20:12:07 CDT 2015
************************************************************/
2015-04-27 07:52:10,928 INFO org.apache.hadoop.metrics2.impl.MetricsConfig: loaded properties from hadoop-metrics2.properties
2015-04-27 07:52:10,942 INFO org.apache.hadoop.metrics2.impl.MetricsSourceAdapter: MBean for source MetricsSystem,sub=Stats registered.
2015-04-27 07:52:10,942 INFO org.apache.hadoop.metrics2.impl.MetricsSystemImpl: Scheduled snapshot period at 10 second(s).
2015-04-27 07:52:10,942 INFO org.apache.hadoop.metrics2.impl.MetricsSystemImpl: JobTracker metrics system started
2015-04-27 07:52:11,094 INFO org.apache.hadoop.metrics2.impl.MetricsSourceAdapter: MBean for source QueueMetrics,q=default registered.
2015-04-27 07:52:11,456 INFO org.apache.hadoop.metrics2.impl.MetricsSourceAdapter: MBean for source ugi registered.
2015-04-27 07:52:11,456 WARN org.apache.hadoop.metrics2.impl.MetricsSystemImpl: Source name ugi already exists!
2015-04-27 07:52:11,457 INFO org.apache.hadoop.security.token.delegation.AbstractDelegationTokenSecretManager: Updating the current master key for generating delegation tokens
2015-04-27 07:52:11,458 INFO org.apache.hadoop.security.token.delegation.AbstractDelegationTokenSecretManager: Starting expired delegation token remover thread, tokenRemoverScanInterval=60 min(s)
2015-04-27 07:52:11,458 INFO org.apache.hadoop.security.token.delegation.AbstractDelegationTokenSecretManager: Updating the current master key for generating delegation tokens
2015-04-27 07:52:11,458 INFO org.apache.hadoop.mapred.JobTracker: Scheduler configured with (memSizeForMapSlotOnJT, memSizeForReduceSlotOnJT, limitMaxMemForMapTasks, limitMaxMemForReduceTasks) (-1, -1, -1, -1)
2015-04-27 07:52:11,459 INFO org.apache.hadoop.util.HostsFileReader: Refreshing hosts (include/exclude) list
2015-04-27 07:52:11,466 INFO org.apache.hadoop.mapred.JobTracker: Starting jobtracker with owner as alian-admin
2015-04-27 07:52:11,487 INFO org.apache.hadoop.ipc.Server: Starting SocketReader
2015-04-27 07:52:11,489 INFO org.apache.hadoop.metrics2.impl.MetricsSourceAdapter: MBean for source RpcDetailedActivityForPort54311 registered.
2015-04-27 07:52:11,490 INFO org.apache.hadoop.metrics2.impl.MetricsSourceAdapter: MBean for source RpcActivityForPort54311 registered.
2015-04-27 07:52:11,549 INFO org.mortbay.log: Logging to org.slf4j.impl.Log4jLoggerAdapter(org.mortbay.log) via org.mortbay.log.Slf4jLog
2015-04-27 07:52:11,600 INFO org.apache.hadoop.http.HttpServer: Added global filtersafety (class=org.apache.hadoop.http.HttpServer$QuotingInputFilter)
2015-04-27 07:52:11,620 INFO org.apache.hadoop.util.NativeCodeLoader: Loaded the native-hadoop library
2015-04-27 07:52:11,622 INFO org.apache.hadoop.http.HttpServer: Port returned by webServer.getConnectors()[0].getLocalPort() before open() is -1. Opening the listener on 50030
2015-04-27 07:52:11,622 INFO org.apache.hadoop.http.HttpServer: listener.getLocalPort() returned 50030 webServer.getConnectors()[0].getLocalPort() returned 50030
2015-04-27 07:52:11,622 INFO org.apache.hadoop.http.HttpServer: Jetty bound to port 50030
2015-04-27 07:52:11,623 INFO org.mortbay.log: jetty-6.1.26
2015-04-27 07:52:11,945 INFO org.mortbay.log: Started SelectChannelConnector@0.0.0.0:50030
2015-04-27 07:52:11,950 INFO org.apache.hadoop.metrics2.impl.MetricsSourceAdapter: MBean for source jvm registered.
2015-04-27 07:52:11,950 INFO org.apache.hadoop.metrics2.impl.MetricsSourceAdapter: MBean for source JobTrackerMetrics registered.
2015-04-27 07:52:11,951 INFO org.apache.hadoop.mapred.JobTracker: JobTracker up at: 54311
2015-04-27 07:52:11,951 INFO org.apache.hadoop.mapred.JobTracker: JobTracker webserver: 50030
2015-04-27 07:52:12,058 INFO org.apache.hadoop.mapred.JobTracker: Cleaning up the system directory
2015-04-27 07:52:12,197 INFO org.apache.hadoop.mapred.JobHistory: Creating DONE folder at file:/users/alian-admin/hadoop-pdgem5/hadoop-1.0.2/logs/history/done
2015-04-27 07:52:12,200 INFO org.apache.hadoop.mapred.JobTracker: History server being initialized in embedded mode
2015-04-27 07:52:12,204 INFO org.apache.hadoop.mapred.JobHistoryServer: Started job history server at: localhost:50030
2015-04-27 07:52:12,204 INFO org.apache.hadoop.mapred.JobTracker: Job History Server web address: localhost:50030
2015-04-27 07:52:12,206 INFO org.apache.hadoop.mapred.CompletedJobStatusStore: Completed job store is inactive
2015-04-27 07:52:12,367 INFO org.apache.hadoop.mapred.JobTracker: Refreshing hosts information
2015-04-27 07:52:12,415 INFO org.apache.hadoop.util.HostsFileReader: Setting the includes file to 
2015-04-27 07:52:12,415 INFO org.apache.hadoop.util.HostsFileReader: Setting the excludes file to 
2015-04-27 07:52:12,415 INFO org.apache.hadoop.util.HostsFileReader: Refreshing hosts (include/exclude) list
2015-04-27 07:52:12,415 INFO org.apache.hadoop.mapred.JobTracker: Decommissioning 0 nodes
2015-04-27 07:52:12,417 INFO org.apache.hadoop.ipc.Server: IPC Server Responder: starting
2015-04-27 07:52:12,417 INFO org.apache.hadoop.ipc.Server: IPC Server listener on 54311: starting
2015-04-27 07:52:12,417 INFO org.apache.hadoop.ipc.Server: IPC Server handler 0 on 54311: starting
2015-04-27 07:52:12,418 INFO org.apache.hadoop.ipc.Server: IPC Server handler 1 on 54311: starting
2015-04-27 07:52:12,418 INFO org.apache.hadoop.ipc.Server: IPC Server handler 2 on 54311: starting
2015-04-27 07:52:12,418 INFO org.apache.hadoop.ipc.Server: IPC Server handler 3 on 54311: starting
2015-04-27 07:52:12,418 INFO org.apache.hadoop.ipc.Server: IPC Server handler 4 on 54311: starting
2015-04-27 07:52:12,418 INFO org.apache.hadoop.ipc.Server: IPC Server handler 5 on 54311: starting
2015-04-27 07:52:12,418 INFO org.apache.hadoop.ipc.Server: IPC Server handler 6 on 54311: starting
2015-04-27 07:52:12,419 INFO org.apache.hadoop.ipc.Server: IPC Server handler 7 on 54311: starting
2015-04-27 07:52:12,419 INFO org.apache.hadoop.ipc.Server: IPC Server handler 9 on 54311: starting
2015-04-27 07:52:12,419 INFO org.apache.hadoop.mapred.JobTracker: Starting RUNNING
2015-04-27 07:52:12,419 INFO org.apache.hadoop.ipc.Server: IPC Server handler 8 on 54311: starting
2015-04-27 07:52:16,489 INFO org.apache.hadoop.net.NetworkTopology: Adding a new node: /default-rack/clara-15
2015-04-27 07:52:16,492 INFO org.apache.hadoop.mapred.JobTracker: Adding tracker tracker_clara-15:localhost/127.0.0.1:40907 to host clara-15
2015-04-27 07:52:16,520 INFO org.apache.hadoop.net.NetworkTopology: Adding a new node: /default-rack/clara-13
2015-04-27 07:52:16,521 INFO org.apache.hadoop.mapred.JobTracker: Adding tracker tracker_clara-13:localhost/127.0.0.1:58154 to host clara-13
2015-04-27 07:52:16,535 INFO org.apache.hadoop.net.NetworkTopology: Adding a new node: /default-rack/clara-14
2015-04-27 07:52:16,536 INFO org.apache.hadoop.mapred.JobTracker: Adding tracker tracker_clara-14:localhost/127.0.0.1:42691 to host clara-14
2015-04-27 07:52:16,559 INFO org.apache.hadoop.net.NetworkTopology: Adding a new node: /default-rack/clara-12
2015-04-27 07:52:16,559 INFO org.apache.hadoop.mapred.JobTracker: Adding tracker tracker_clara-12:localhost/127.0.0.1:59402 to host clara-12
2015-04-27 07:52:32,293 INFO org.apache.hadoop.mapred.JobInProgress: job_201504270752_0001: nMaps=4 nReduces=0 max=-1
2015-04-27 07:52:32,295 INFO org.apache.hadoop.mapred.JobTracker: Job job_201504270752_0001 added successfully for user 'alian-admin' to queue 'default'
2015-04-27 07:52:32,295 INFO org.apache.hadoop.mapred.JobTracker: Initializing job_201504270752_0001
2015-04-27 07:52:32,296 INFO org.apache.hadoop.mapred.JobInProgress: Initializing job_201504270752_0001
2015-04-27 07:52:32,296 INFO org.apache.hadoop.mapred.AuditLogger: USER=alian-admin	IP=192.168.2.18	OPERATION=SUBMIT_JOB	TARGET=job_201504270752_0001	RESULT=SUCCESS
2015-04-27 07:52:32,597 INFO org.apache.hadoop.mapred.JobInProgress: jobToken generated and stored with users keys in /users/alian-admin/temps/tmp0/mapred/system/job_201504270752_0001/jobToken
2015-04-27 07:52:32,633 INFO org.apache.hadoop.mapred.JobInProgress: Input size for job job_201504270752_0001 = 4. Number of splits = 4
2015-04-27 07:52:32,633 INFO org.apache.hadoop.mapred.JobInProgress: job_201504270752_0001 LOCALITY_WAIT_FACTOR=0.0
2015-04-27 07:52:32,634 INFO org.apache.hadoop.mapred.JobInProgress: Job job_201504270752_0001 initialized successfully with 4 map tasks and 0 reduce tasks.
2015-04-27 07:52:34,611 INFO org.apache.hadoop.mapred.JobTracker: Adding task (JOB_SETUP) 'attempt_201504270752_0001_m_000005_0' to tip task_201504270752_0001_m_000005, for tracker 'tracker_clara-15:localhost/127.0.0.1:40907'
2015-04-27 07:52:40,676 INFO org.apache.hadoop.mapred.JobInProgress: Task 'attempt_201504270752_0001_m_000005_0' has completed task_201504270752_0001_m_000005 successfully.
2015-04-27 07:52:40,686 INFO org.apache.hadoop.mapred.JobInProgress: Choosing a non-local task task_201504270752_0001_m_000000
2015-04-27 07:52:40,687 INFO org.apache.hadoop.mapred.JobTracker: Adding task (MAP) 'attempt_201504270752_0001_m_000000_0' to tip task_201504270752_0001_m_000000, for tracker 'tracker_clara-15:localhost/127.0.0.1:40907'
2015-04-27 07:52:40,690 INFO org.apache.hadoop.mapred.JobInProgress: Choosing a non-local task task_201504270752_0001_m_000001
2015-04-27 07:52:40,691 INFO org.apache.hadoop.mapred.JobTracker: Adding task (MAP) 'attempt_201504270752_0001_m_000001_0' to tip task_201504270752_0001_m_000001, for tracker 'tracker_clara-12:localhost/127.0.0.1:59402'
2015-04-27 07:52:43,654 INFO org.apache.hadoop.mapred.JobInProgress: Choosing a non-local task task_201504270752_0001_m_000002
2015-04-27 07:52:43,655 INFO org.apache.hadoop.mapred.JobTracker: Adding task (MAP) 'attempt_201504270752_0001_m_000002_0' to tip task_201504270752_0001_m_000002, for tracker 'tracker_clara-13:localhost/127.0.0.1:58154'
2015-04-27 07:52:43,667 INFO org.apache.hadoop.mapred.JobInProgress: Choosing a non-local task task_201504270752_0001_m_000003
2015-04-27 07:52:43,668 INFO org.apache.hadoop.mapred.JobTracker: Adding task (MAP) 'attempt_201504270752_0001_m_000003_0' to tip task_201504270752_0001_m_000003, for tracker 'tracker_clara-14:localhost/127.0.0.1:42691'
2015-04-27 07:52:46,724 INFO org.apache.hadoop.mapred.JobInProgress: Task 'attempt_201504270752_0001_m_000000_0' has completed task_201504270752_0001_m_000000 successfully.
2015-04-27 07:52:49,757 INFO org.apache.hadoop.mapred.JobInProgress: Task 'attempt_201504270752_0001_m_000001_0' has completed task_201504270752_0001_m_000001 successfully.
2015-04-27 07:52:52,718 INFO org.apache.hadoop.mapred.JobInProgress: Task 'attempt_201504270752_0001_m_000002_0' has completed task_201504270752_0001_m_000002 successfully.
2015-04-27 07:52:52,731 INFO org.apache.hadoop.mapred.JobInProgress: Task 'attempt_201504270752_0001_m_000003_0' has completed task_201504270752_0001_m_000003 successfully.
2015-04-27 07:52:52,743 INFO org.apache.hadoop.mapred.JobTracker: Adding task (JOB_CLEANUP) 'attempt_201504270752_0001_m_000004_0' to tip task_201504270752_0001_m_000004, for tracker 'tracker_clara-14:localhost/127.0.0.1:42691'
2015-04-27 07:52:58,766 INFO org.apache.hadoop.mapred.JobInProgress: Task 'attempt_201504270752_0001_m_000004_0' has completed task_201504270752_0001_m_000004 successfully.
2015-04-27 07:52:58,768 INFO org.apache.hadoop.mapred.JobInProgress: Job job_201504270752_0001 has completed successfully.
2015-04-27 07:52:58,773 INFO org.apache.hadoop.mapred.JobInProgress$JobSummary: jobId=job_201504270752_0001,submitTime=1430139152212,launchTime=1430139152633,firstMapTaskLaunchTime=1430139160687,firstJobSetupTaskLaunchTime=1430139154590,firstJobCleanupTaskLaunchTime=1430139172743,finishTime=1430139178768,numMaps=4,numSlotsPerMap=1,numReduces=0,numSlotsPerReduce=1,user=alian-admin,queue=default,status=SUCCEEDED,mapSlotSeconds=35,reduceSlotsSeconds=0,clusterMapCapacity=8,clusterReduceCapacity=8
2015-04-27 07:52:58,826 INFO org.apache.hadoop.mapred.JobHistory: Creating DONE subfolder at file:/users/alian-admin/hadoop-pdgem5/hadoop-1.0.2/logs/history/done/version-1/clara-18_1430139131495_/2015/04/27/000000
2015-04-27 07:52:58,828 INFO org.apache.hadoop.mapred.JobHistory: Moving file:/users/alian-admin/hadoop-pdgem5/hadoop-1.0.2/logs/history/job_201504270752_0001_1430139152212_alian-admin_random-text-writer to file:/users/alian-admin/hadoop-pdgem5/hadoop-1.0.2/logs/history/done/version-1/clara-18_1430139131495_/2015/04/27/000000
2015-04-27 07:52:58,831 INFO org.apache.hadoop.mapred.JobTracker: Removing task 'attempt_201504270752_0001_m_000003_0'
2015-04-27 07:52:58,832 INFO org.apache.hadoop.mapred.JobTracker: Removing task 'attempt_201504270752_0001_m_000004_0'
2015-04-27 07:52:58,832 INFO org.apache.hadoop.mapred.JobTracker: Removing task 'attempt_201504270752_0001_m_000001_0'
2015-04-27 07:52:58,834 INFO org.apache.hadoop.mapred.JobTracker: Removing task 'attempt_201504270752_0001_m_000000_0'
2015-04-27 07:52:58,834 INFO org.apache.hadoop.mapred.JobTracker: Removing task 'attempt_201504270752_0001_m_000005_0'
2015-04-27 07:52:58,836 INFO org.apache.hadoop.mapred.JobHistory: Moving file:/users/alian-admin/hadoop-pdgem5/hadoop-1.0.2/logs/history/job_201504270752_0001_conf.xml to file:/users/alian-admin/hadoop-pdgem5/hadoop-1.0.2/logs/history/done/version-1/clara-18_1430139131495_/2015/04/27/000000
2015-04-27 07:53:01,749 INFO org.apache.hadoop.mapred.JobTracker: Removing task 'attempt_201504270752_0001_m_000002_0'
